[0;35m[DEBUG] - |2020-11-19 18:36:05| - [AGNESS_BOT.bot.cogs.musiccog : LN : 130] - Starting Music Node...[0m
[0;35m[DEBUG] - |2020-11-19 18:36:05| - [AGNESS_BOT.bot.cogs.musiccog : LN : 180] - Wavelink node MAIN  connected.      OK![0m
[0;32m[INFO] - |2020-11-19 18:36:44| - [AGNESS_BOT.bot.cogs.musiccog : LN : 203] - Bot has joined the voice channel.[0m
[0;35m[DEBUG] - |2020-11-19 18:39:43| - [AGNESS_BOT.bot.cogs.musiccog : LN : 300] - Query is control amv[0m
[0;35m[DEBUG] - |2020-11-19 18:39:43| - [AGNESS_BOT.bot.cogs.musiccog : LN : 311] - Query was not a song jump. now checking if query is a link[0m
[0;35m[DEBUG] - |2020-11-19 18:39:44| - [AGNESS_BOT.bot.cogs.musiccog : LN : 319] - Query is song name. NOT A LINK[0m
[0;35m[DEBUG] - |2020-11-19 18:40:49| - [AGNESS_BOT.bot.cogs.musiccog : LN : 300] - Query is the box[0m
[0;35m[DEBUG] - |2020-11-19 18:40:49| - [AGNESS_BOT.bot.cogs.musiccog : LN : 311] - Query was not a song jump. now checking if query is a link[0m
[0;35m[DEBUG] - |2020-11-19 18:40:50| - [AGNESS_BOT.bot.cogs.musiccog : LN : 319] - Query is song name. NOT A LINK[0m
[0;33m[WARNING] - |2020-11-19 18:42:45| - [AGNESS_BOT.bot.cogs.musiccog : LN : 214] - Disconnecting Node.[0m
[0;33m[WARNING] - |2020-11-19 18:42:47| - [AGNESS_BOT.bot.cogs.musiccog : LN : 220] - Node Disconnected by disconnect_command![0m
[0;35m[DEBUG] - |2020-11-19 18:43:00| - [AGNESS_BOT.bot.cogs.musiccog : LN : 130] - Starting Music Node...[0m
[0;35m[DEBUG] - |2020-11-19 18:43:01| - [AGNESS_BOT.bot.cogs.musiccog : LN : 180] - Wavelink node MAIN  connected.      OK![0m
[0;32m[INFO] - |2020-11-19 18:43:08| - [AGNESS_BOT.bot.cogs.musiccog : LN : 203] - Bot has joined the voice channel.[0m
[0;35m[DEBUG] - |2020-11-19 18:43:20| - [AGNESS_BOT.bot.cogs.musiccog : LN : 300] - Query is the box[0m
[0;35m[DEBUG] - |2020-11-19 18:43:20| - [AGNESS_BOT.bot.cogs.musiccog : LN : 311] - Query was not a song jump. now checking if query is a link[0m
[0;35m[DEBUG] - |2020-11-19 18:43:20| - [AGNESS_BOT.bot.cogs.musiccog : LN : 319] - Query is song name. NOT A LINK[0m
[0;35m[DEBUG] - |2020-11-19 18:51:43| - [AGNESS_BOT.bot.cogs.musiccog : LN : 123] - Starting Music Node...[0m
[0;35m[DEBUG] - |2020-11-19 18:51:43| - [AGNESS_BOT.bot.cogs.musiccog : LN : 173] - Wavelink node MAIN  connected.      OK![0m
[0;32m[INFO] - |2020-11-19 18:53:31| - [AGNESS_BOT.bot.cogs.musiccog : LN : 196] - Bot has joined the voice channel.[0m
[0;35m[DEBUG] - |2020-11-19 18:53:39| - [AGNESS_BOT.bot.cogs.musiccog : LN : 293] - Query is the box[0m
[0;35m[DEBUG] - |2020-11-19 18:53:39| - [AGNESS_BOT.bot.cogs.musiccog : LN : 304] - Query was not a song jump. now checking if query is a link[0m
[0;35m[DEBUG] - |2020-11-19 18:53:39| - [AGNESS_BOT.bot.cogs.musiccog : LN : 312] - Query is song name. NOT A LINK[0m
[0;35m[DEBUG] - |2020-11-19 18:56:11| - [AGNESS_BOT.bot.cogs.musiccog : LN : 123] - Starting Music Node...[0m
[0;35m[DEBUG] - |2020-11-19 18:56:11| - [AGNESS_BOT.bot.cogs.musiccog : LN : 173] - Wavelink node MAIN  connected.      OK![0m
[0;32m[INFO] - |2020-11-19 18:56:22| - [AGNESS_BOT.bot.cogs.musiccog : LN : 196] - Bot has joined the voice channel.[0m
[0;35m[DEBUG] - |2020-11-19 18:56:31| - [AGNESS_BOT.bot.cogs.musiccog : LN : 293] - Query is control amv[0m
[0;35m[DEBUG] - |2020-11-19 18:56:31| - [AGNESS_BOT.bot.cogs.musiccog : LN : 304] - Query was not a song jump. now checking if query is a link[0m
[0;35m[DEBUG] - |2020-11-19 18:56:31| - [AGNESS_BOT.bot.cogs.musiccog : LN : 312] - Query is song name. NOT A LINK[0m
[0;35m[DEBUG] - |2020-11-19 18:56:32| - [AGNESS_BOT.bot.cogs.resonate_utils.music_utils : LN : 224] - Multiple songs found. Asking user to choose which one to put in queue.[0m
[0;32m[INFO] - |2020-11-19 18:56:40| - [AGNESS_BOT.bot.cogs.resonate_utils.music_utils : LN : 103] - Song added!   len of queue is : 1 Pointer is : 0[0m
[0;35m[DEBUG] - |2020-11-19 18:56:40| - [AGNESS_BOT.bot.cogs.resonate_utils.music_utils : LN : 244] - Starting player for the first time from a fresh queue.[0m
[0;35m[DEBUG] - |2020-11-19 18:56:42| - [AGNESS_BOT.bot.cogs.resonate_utils.music_utils : LN : 252] - Fresh Player started...[0m
[0;35m[DEBUG] - |2020-11-19 18:57:12| - [AGNESS_BOT.bot.cogs.musiccog : LN : 357] - Song stop requested. Stopping player and destroying playlist.[0m
[0;35m[DEBUG] - |2020-11-19 18:57:12| - [AGNESS_BOT.bot.cogs.musiccog : LN : 259] - Command is not a song jump. Passing control to advance()[0m
[0;35m[DEBUG] - |2020-11-19 18:57:12| - [AGNESS_BOT.bot.cogs.resonate_utils.music_utils : LN : 314] - Song requested by autoplay. Getting next track from queue[0m
[0;33m[WARNING] - |2020-11-19 18:57:12| - [AGNESS_BOT.bot.cogs.resonate_utils.music_utils : LN : 328] - Track not found coz playlist is over. Stopping Player[0m
[0;33m[WARNING] - |2020-11-19 18:57:13| - [AGNESS_BOT.bot.cogs.resonate_utils.music_utils : LN : 332] - Player stopped successfully and queue is cleared explicitly.[0m
[0;35m[DEBUG] - |2020-11-19 18:57:13| - [AGNESS_BOT.bot.cogs.musiccog : LN : 363] - Player stopped and playlist destroyed.[0m
[0;35m[DEBUG] - |2020-11-19 19:03:16| - [AGNESS_BOT.bot.cogs.musiccog : LN : 123] - Starting Music Node...[0m
[0;35m[DEBUG] - |2020-11-19 19:03:26| - [AGNESS_BOT.bot.cogs.musiccog : LN : 123] - Starting Music Node...[0m
[0;35m[DEBUG] - |2020-11-19 19:03:26| - [AGNESS_BOT.bot.cogs.musiccog : LN : 173] - Wavelink node MAIN  connected.      OK![0m
[0;32m[INFO] - |2020-11-19 19:03:35| - [AGNESS_BOT.bot.cogs.musiccog : LN : 196] - Bot has joined the voice channel.[0m
[0;35m[DEBUG] - |2020-11-19 19:03:51| - [AGNESS_BOT.bot.cogs.musiccog : LN : 293] - Query is the box[0m
[0;35m[DEBUG] - |2020-11-19 19:03:51| - [AGNESS_BOT.bot.cogs.musiccog : LN : 304] - Query was not a song jump. now checking if query is a link[0m
[0;35m[DEBUG] - |2020-11-19 19:03:52| - [AGNESS_BOT.bot.cogs.musiccog : LN : 312] - Query is song name. NOT A LINK[0m
[0;35m[DEBUG] - |2020-11-19 19:03:55| - [AGNESS_BOT.bot.cogs.resonate_utils.music_utils : LN : 224] - Multiple songs found. Asking user to choose which one to put in queue.[0m
[0;33m[WARNING] - |2020-11-19 19:04:05| - [AGNESS_BOT.bot.cogs.musiccog : LN : 365] - Player is already stopped, still stop command is invoked![0m
[0;33m[WARNING] - |2020-11-19 19:04:11| - [AGNESS_BOT.bot.cogs.musiccog : LN : 207] - Disconnecting Node.[0m
[0;33m[WARNING] - |2020-11-19 19:04:12| - [AGNESS_BOT.bot.cogs.musiccog : LN : 213] - Node Disconnected by disconnect_command![0m
